\BOOKMARK [0][-]{chapter*.5}{\376\377\000L\000i\000s\000t\000e\000\040\000d\000e\000s\000\040\000a\000l\000g\000o\000r\000i\000t\000h\000m\000e\000s}{}% 1
\BOOKMARK [0][-]{chapter*.6}{\376\377\000T\000a\000b\000l\000e\000\040\000d\000e\000s\000\040\000f\000i\000g\000u\000r\000e\000s}{}% 2
\BOOKMARK [0][-]{chapter*.7}{\376\377\000N\000o\000t\000a\000t\000i\000o\000n\000s\000,\000\040\000c\000o\000m\000p\000l\000e\000x\000i\000t\000\351\000\040\000e\000t\000\040\000a\000c\000r\000o\000n\000y\000m\000e\000s}{}% 3
\BOOKMARK [0][-]{chapter*.8}{\376\377\000G\000u\000i\000d\000e\000\040\000d\000e\000\040\000L\000e\000c\000t\000u\000r\000e}{}% 4
\BOOKMARK [0][-]{chapter*.9}{\376\377\000D\000\351\000r\000o\000u\000l\000\351\000\040\000d\000u\000\040\000s\000t\000a\000g\000e\000\040\000e\000t\000\040\000m\000o\000t\000i\000v\000a\000t\000i\000o\000n\000s}{}% 5
\BOOKMARK [0][-]{chapter*.10}{\376\377\000I\000n\000t\000r\000o\000d\000u\000c\000t\000i\000o\000n}{}% 6
\BOOKMARK [0][-]{chapter.1}{\376\377\000R\000\351\000s\000e\000a\000u\000x\000\040\000e\000u\000c\000l\000i\000d\000i\000e\000n\000s}{}% 7
\BOOKMARK [1][-]{section.1.1}{\376\377\000D\000\351\000f\000i\000n\000i\000t\000i\000o\000n\000s\000\040\000e\000t\000\040\000e\000x\000e\000m\000p\000l\000e\000s}{chapter.1}% 8
\BOOKMARK [1][-]{section.1.2}{\376\377\000R\000\351\000s\000e\000a\000u\000x\000\040\000d\000\351\000f\000i\000n\000i\000s\000\040\000p\000a\000r\000\040\000r\000e\000l\000a\000t\000i\000o\000n\000s\000\040\000p\000l\000u\000t\000\364\000t\000\040\000q\000u\000e\000\040\000p\000a\000r\000\040\000g\000\351\000n\000\351\000r\000a\000t\000e\000u\000r\000s}{chapter.1}% 9
\BOOKMARK [1][-]{section.1.3}{\376\377\000Q\000u\000e\000l\000q\000u\000e\000s\000\040\000p\000r\000o\000b\000l\000\350\000m\000e\000s\000\040\000a\000l\000g\000o\000r\000i\000t\000h\000m\000i\000q\000u\000e\000s\000\040\000l\000i\000\351\000s\000\040\000a\000u\000x\000\040\000r\000\351\000s\000e\000a\000u\000x\000\040\000e\000u\000c\000l\000i\000d\000i\000e\000n\000s}{chapter.1}% 10
\BOOKMARK [2][-]{subsection.1.3.1}{\376\377\000D\000e\000s\000\040\000p\000r\000o\000b\000l\000\350\000m\000e\000s\000\040\000f\000a\000c\000i\000l\000e\000s}{section.1.3}% 11
\BOOKMARK [2][-]{subsection.1.3.2}{\376\377\000L\000e\000\040\000p\000r\000o\000b\000l\000\350\000m\000e\000\040\000d\000u\000\040\000v\000e\000c\000t\000e\000u\000r\000\040\000l\000e\000\040\000p\000l\000u\000s\000\040\000c\000o\000u\000r\000t}{section.1.3}% 12
\BOOKMARK [2][-]{subsection.1.3.3}{\376\377\000L\000e\000\040\000p\000r\000o\000b\000l\000\350\000m\000e\000\040\000d\000u\000\040\000v\000e\000c\000t\000e\000u\000r\000\040\000l\000e\000\040\000p\000l\000u\000s\000\040\000p\000r\000o\000c\000h\000e}{section.1.3}% 13
\BOOKMARK [0][-]{chapter.2}{\376\377\000R\000\351\000d\000u\000c\000t\000i\000o\000n\000\040\000d\000e\000\040\000r\000\351\000s\000e\000a\000u\000x\000\040\000e\000u\000c\000l\000i\000d\000i\000e\000n\000s}{}% 14
\BOOKMARK [1][-]{section.2.1}{\376\377\000L\000a\000\040\000b\000a\000s\000e\000\040\000r\000\351\000d\000u\000i\000t\000e}{chapter.2}% 15
\BOOKMARK [1][-]{section.2.2}{\376\377\000F\000o\000n\000c\000t\000i\000o\000n\000n\000e\000m\000e\000n\000t\000\040\000e\000t\000\040\000e\000x\000e\000m\000p\000l\000e}{chapter.2}% 16
\BOOKMARK [0][-]{chapter.3}{\376\377\000C\000o\000r\000r\000e\000c\000t\000i\000o\000n\000,\000\040\000t\000e\000r\000m\000i\000n\000a\000i\000s\000o\000n\000\040\000e\000t\000\040\000c\000o\000m\000p\000l\000e\000x\000i\000t\000\351\000\040\000d\000e\000\040\000L\000L\000L}{}% 17
\BOOKMARK [1][-]{section.3.1}{\376\377\000C\000o\000r\000r\000e\000c\000t\000i\000o\000n}{chapter.3}% 18
\BOOKMARK [1][-]{section.3.2}{\376\377\000T\000e\000r\000m\000i\000n\000a\000i\000s\000o\000n\000\040\000e\000t\000\040\000c\000o\000m\000p\000l\000e\000x\000i\000t\000\351}{chapter.3}% 19
\BOOKMARK [0][-]{chapter*.20}{\376\377\000\311\000t\000a\000t\000\040\000d\000e\000\040\000l\000'\000a\000r\000t\000\040\000d\000e\000\040\000l\000a\000\040\000r\000\351\000d\000u\000c\000t\000i\000o\000n\000\040\000d\000e\000\040\000r\000\351\000s\000e\000a\000u\000x\000\040\000e\000u\000c\000l\000i\000d\000i\000e\000n\000s\000\040\000e\000t\000\040\000l\000'\000o\000b\000j\000e\000c\000t\000i\000f\000\040\000d\000e\000\040\000m\000o\000n\000\040\000s\000t\000a\000g\000e}{}% 20
\BOOKMARK [0][-]{chapter.4}{\376\377\000R\000\351\000s\000e\000a\000u\000x\000\040\000p\000o\000l\000y\000n\000o\000m\000i\000a\000u\000x}{}% 21
\BOOKMARK [1][-]{section.4.1}{\376\377\000D\000\351\000f\000i\000n\000i\000t\000i\000o\000n\000s\000\040\000e\000t\000\040\000e\000x\000e\000m\000p\000l\000e\000s}{chapter.4}% 22
\BOOKMARK [1][-]{section.4.2}{\376\377\000N\000o\000t\000i\000o\000n\000\040\000d\000e\000\040\000d\000e\000g\000r\000\351\000\040\000e\000n\000\040\000l\000i\000g\000n\000e}{chapter.4}% 23
\BOOKMARK [0][-]{chapter.5}{\376\377\000R\000\351\000d\000u\000c\000t\000i\000o\000n\000\040\000d\000e\000\040\000r\000\351\000s\000e\000a\000u\000x\000\040\000p\000o\000l\000y\000n\000o\000m\000i\000a\000u\000x}{}% 24
\BOOKMARK [1][-]{section.5.1}{\376\377\000G\000\351\000n\000\351\000r\000a\000l\000i\000t\000\351\000s\000\040\000e\000t\000\040\000n\000o\000t\000i\000o\000n\000\040\000d\000e\000\040\000b\000a\000s\000e\000\040\000d\000'\000o\000r\000d\000r\000e}{chapter.5}% 25
\BOOKMARK [1][-]{section.5.2}{\376\377\000A\000l\000g\000o\000r\000i\000t\000h\000m\000e\000s\000\040\000d\000e\000\040\000c\000a\000l\000c\000u\000l\000s\000\040\000d\000e\000\040\000b\000a\000s\000e\000\040\000d\000'\000o\000r\000d\000r\000e}{chapter.5}% 26
\BOOKMARK [2][-]{subsection.5.2.1}{\376\377\000C\000a\000s\000\040\000i\000n\000i\000t\000i\000a\000l\000\040\000q\000u\000a\000n\000d\000\040\000\040\000=\000\040\0001\000\040}{section.5.2}% 27
\BOOKMARK [2][-]{subsection.5.2.2}{\376\377\000A\000l\000g\000o\000r\000i\000t\000h\000m\000e\000s\000\040\000p\000o\000u\000r\000\040\000l\000e\000\040\000c\000a\000s\000\040\000g\000\351\000n\000\351\000r\000a\000l}{section.5.2}% 28
\BOOKMARK [0][-]{chapter.6}{\376\377\000A\000d\000a\000p\000t\000a\000t\000i\000o\000n\000\040\000d\000e\000\040\000l\000a\000\040\000r\000\351\000d\000u\000c\000t\000i\000o\000n\000\040\000d\000e\000\040\000r\000\351\000s\000e\000a\000u\000x\000\040\000p\000o\000l\000y\000n\000o\000m\000i\000a\000u\000x\000\040\000a\000u\000\040\000c\000a\000s\000\040\000d\000e\000s\000\040\000r\000\351\000s\000e\000a\000u\000x\000\040\000e\000u\000c\000l\000i\000d\000i\000e\000n\000s}{}% 29
\BOOKMARK [1][-]{section.6.1}{\376\377\000F\000o\000n\000c\000t\000i\000o\000n\000\040\000p\000o\000t\000e\000n\000t\000i\000e\000l\000l\000e\000\040\000e\000t\000\040\000b\000o\000r\000n\000e\000s}{chapter.6}% 30
\BOOKMARK [2][-]{subsection.6.1.1}{\376\377\000L\000e\000s\000\040\000c\000a\000s\000\040\000p\000o\000l\000y\000n\000o\000m\000i\000a\000l}{section.6.1}% 31
\BOOKMARK [2][-]{subsection.6.1.2}{\376\377\000L\000e\000\040\000c\000a\000s\000\040\000e\000n\000t\000i\000e\000r}{section.6.1}% 32
\BOOKMARK [1][-]{section.6.2}{\376\377\000V\000e\000r\000s\000\040\000u\000n\000e\000\040\000r\000\351\000d\000u\000c\000t\000i\000o\000n\000\040\000L\000L\000L\000\040\000a\000d\000a\000p\000t\000\351\000e\000\040\000a\000u\000x\000\040\000r\000\351\000s\000e\000a\000u\000x\000\040\000d\040\031\000a\000p\000p\000r\000o\000x\000i\000m\000a\000t\000i\000o\000n}{chapter.6}% 33
\BOOKMARK [1][-]{section.6.3}{\376\377\000C\000o\000m\000p\000r\000e\000n\000d\000r\000e\000\040\000l\000e\000\040\000r\000\364\000l\000e\000\040\000d\000u\000\040\000s\000h\000i\000f\000t\000\040\000d\000a\000n\000s\000\040\000l\000e\000\040\000c\000a\000s\000\040\000e\000u\000c\000l\000i\000d\000i\000e\000n}{chapter.6}% 34
\BOOKMARK [0][-]{chapter*.21}{\376\377\000C\000o\000n\000c\000l\000u\000s\000i\000o\000n}{}% 35
\BOOKMARK [0][-]{appendix.A}{\376\377\000D\000\351\000t\000a\000i\000l\000s\000\040\000d\000e\000\040\000p\000r\000e\000u\000v\000e\000s\000\040\000d\000e\000\040\000L\000L\000L}{}% 36
\BOOKMARK [1][-]{section.A.1}{\376\377\000T\000e\000r\000m\000i\000n\000a\000i\000s\000o\000n\000\040\000e\000t\000\040\000c\000o\000m\000p\000l\000e\000x\000i\000t\000\351}{appendix.A}% 37
\BOOKMARK [0][-]{appendix.B}{\376\377\000R\000a\000p\000p\000e\000l\000s\000\040\000s\000u\000r\000\040\000l\000e\000s\000\040\000a\000n\000n\000e\000a\000u\000x}{}% 38
\BOOKMARK [1][-]{section.B.1}{\376\377\000G\000\351\000n\000\351\000r\000a\000l\000i\000t\000\351\000s}{appendix.B}% 39
\BOOKMARK [1][-]{section.B.2}{\376\377\000A\000n\000n\000e\000a\000u\000x\000\040\000d\000e\000\040\000p\000o\000l\000y\000n\000\364\000m\000e\000s}{appendix.B}% 40
\BOOKMARK [0][-]{appendix.C}{\376\377\000R\000a\000p\000p\000e\000l\000s\000\040\000s\000u\000r\000\040\000l\000e\000s\000\040\000m\000o\000d\000u\000l\000e\000s}{}% 41
\BOOKMARK [1][-]{section.C.1}{\376\377\000G\000\351\000n\000\351\000r\000a\000l\000i\000t\000\351\000s}{appendix.C}% 42
\BOOKMARK [2][-]{subsection.C.1.1}{\376\377\000S\000o\000u\000s\000-\000m\000o\000d\000u\000l\000e\000s\000,\000\040\000t\000y\000p\000e\000\040\000f\000i\000n\000i\000\040\000e\000t\000\040\000m\000o\000d\000u\000l\000e\000s\000\040\000l\000i\000b\000r\000e\000s}{section.C.1}% 43
\BOOKMARK [1][-]{section.C.2}{\376\377\000M\000o\000d\000u\000l\000e\000s\000\040\000s\000u\000r\000\040\000u\000n\000\040\000a\000n\000n\000e\000a\000u\000\040\000p\000r\000i\000n\000c\000i\000p\000a\000l}{appendix.C}% 44
\BOOKMARK [0][-]{appendix.D}{\376\377\000R\000a\000p\000p\000e\000l\000s\000\040\000d\000'\000a\000l\000g\000\350\000b\000r\000e\000\040\000l\000i\000n\000\351\000a\000i\000r\000e}{}% 45
\BOOKMARK [1][-]{section.D.1}{\376\377\000O\000r\000t\000h\000o\000g\000o\000n\000a\000l\000i\000s\000a\000t\000i\000o\000n\000\040\000d\000e\000\040\000G\000r\000a\000m\040\023\000S\000c\000h\000m\000i\000d\000t}{appendix.D}% 46
\BOOKMARK [1][-]{section.D.2}{\376\377\000M\000a\000t\000r\000i\000c\000e\000\040\000d\000e\000\040\000G\000r\000a\000m}{appendix.D}% 47
\BOOKMARK [1][-]{section.D.3}{\376\377\000C\000o\000m\000p\000l\000e\000x\000i\000t\000\351}{appendix.D}% 48
